<?xml version="1.0" encoding="UTF-8"?>
<testng-results ignored="0" total="1" passed="1" failed="0" skipped="0">
  <reporter-output>
  </reporter-output>
  <suite started-at="2024-01-18T10:37:52 IST" name="Default suite" finished-at="2024-01-18T10:38:01 IST" duration-ms="8995">
    <groups>
    </groups>
    <test started-at="2024-01-18T10:37:52 IST" name="Default test" finished-at="2024-01-18T10:38:01 IST" duration-ms="8995">
      <class name="Baisc.SunnyTest">
        <test-method signature="tiraTest()[pri:0, instance:Baisc.SunnyTest@20ccf40b]" started-at="2024-01-18T10:37:52 IST" name="tiraTest" finished-at="2024-01-18T10:38:01 IST" duration-ms="8956" status="PASS">
          <reporter-output>
          </reporter-output>
        </test-method> <!-- tiraTest -->
      </class> <!-- Baisc.SunnyTest -->
    </test> <!-- Default test -->
  </suite> <!-- Default suite -->
</testng-results>
